-------------------------------------------------------------------------------------
                                        S=1024, K=1024
           out_f32: [-0.02993083, -2.53928208], time:0.00475383ms
         out_f32x4: [-0.02993083, -2.53928208], time:0.00443053ms
        out_f32_th: [-0.02993083, -2.53928208], time:0.00544119ms
-------------------------------------------------------------------------------------
           out_f16: [-0.03027344, -2.5390625], time:0.00429225ms
         out_f16x2: [-0.03027344, -2.5390625], time:0.00324559ms
         out_f16x8: [-0.03027344, -2.5390625], time:0.00331306ms
     out_f16x8pack: [-0.03027344, -2.5390625], time:0.00332284ms
        out_f16_th: [-0.03027344, -2.5390625], time:0.00544620ms
-------------------------------------------------------------------------------------
-------------------------------------------------------------------------------------
                                        S=1024, K=2048
           out_f32: [-1.09321404, 0.66382909], time:0.00650167ms
         out_f32x4: [-1.09321404, 0.66382909], time:0.00681400ms
        out_f32_th: [-1.09321404, 0.66382909], time:0.00668406ms
-------------------------------------------------------------------------------------
           out_f16: [-1.09375, 0.6640625], time:0.00591397ms
         out_f16x2: [-1.09375, 0.6640625], time:0.00484395ms
         out_f16x8: [-1.09375, 0.6640625], time:0.00642419ms
     out_f16x8pack: [-1.09375, 0.6640625], time:0.00441480ms
        out_f16_th: [-1.09375, 0.6640625], time:0.00539660ms
-------------------------------------------------------------------------------------
-------------------------------------------------------------------------------------
                                        S=1024, K=4096
           out_f32: [-2.83769298, 0.23739702], time:0.01137900ms
         out_f32x4: [-2.83769298, 0.23739702], time:0.01145434ms
        out_f32_th: [-2.83769298, 0.23739702], time:0.01152587ms
-------------------------------------------------------------------------------------
           out_f16: [-2.8359375, 0.23730469], time:0.01007962ms
         out_f16x2: [-2.8359375, 0.23730469], time:0.00980568ms
         out_f16x8: [-2.8359375, 0.23730469], time:0.01278186ms
     out_f16x8pack: [-2.8359375, 0.23730469], time:0.00681138ms
        out_f16_th: [-2.8359375, 0.23730469], time:0.00642347ms
-------------------------------------------------------------------------------------
-------------------------------------------------------------------------------------
                                        S=2048, K=1024
           out_f32: [1.60273027, 1.14912677], time:0.00786567ms
         out_f32x4: [1.60273027, 1.14912677], time:0.00683928ms
        out_f32_th: [1.60273027, 1.14912677], time:0.00667763ms
-------------------------------------------------------------------------------------
           out_f16: [1.60253906, 1.14941406], time:0.00710058ms
         out_f16x2: [1.60253906, 1.14941406], time:0.00404549ms
         out_f16x8: [1.60253906, 1.14941406], time:0.00623679ms
     out_f16x8pack: [1.60253906, 1.14941406], time:0.00432873ms
        out_f16_th: [1.60253906, 1.14941406], time:0.00547194ms
-------------------------------------------------------------------------------------
-------------------------------------------------------------------------------------
                                        S=2048, K=2048
           out_f32: [-1.50907445, -0.2833212], time:0.01138306ms
         out_f32x4: [-1.50907445, -0.2833212], time:0.01162076ms
        out_f32_th: [-1.50907445, -0.2833212], time:0.01152563ms
-------------------------------------------------------------------------------------
           out_f16: [-1.50878906, -0.28320312], time:0.01007938ms
         out_f16x2: [-1.50878906, -0.28320312], time:0.00796318ms
         out_f16x8: [-1.50878906, -0.28320312], time:0.01112247ms
     out_f16x8pack: [-1.50878906, -0.28320312], time:0.00687146ms
        out_f16_th: [-1.50878906, -0.28320312], time:0.00642920ms
-------------------------------------------------------------------------------------
-------------------------------------------------------------------------------------
                                        S=2048, K=4096
           out_f32: [1.53248501, -3.90065265], time:0.10596013ms
         out_f32x4: [1.53248501, -3.90065265], time:0.10721707ms
        out_f32_th: [1.53248501, -3.90065265], time:0.10683155ms
-------------------------------------------------------------------------------------
           out_f16: [1.53320312, -3.90039062], time:0.01693201ms
         out_f16x2: [1.53320312, -3.90039062], time:0.01678228ms
         out_f16x8: [1.53320312, -3.90039062], time:0.02269030ms
     out_f16x8pack: [1.53320312, -3.90039062], time:0.01075602ms
        out_f16_th: [1.53320312, -3.90039062], time:0.01042604ms
-------------------------------------------------------------------------------------
-------------------------------------------------------------------------------------
                                        S=4096, K=1024
           out_f32: [-0.63205218, 1.66590858], time:0.01296377ms
         out_f32x4: [-0.63205218, 1.66590858], time:0.01078033ms
        out_f32_th: [-0.63205218, 1.66590858], time:0.01065373ms
-------------------------------------------------------------------------------------
           out_f16: [-0.63232422, 1.66601562], time:0.01168919ms
         out_f16x2: [-0.63232422, 1.66601562], time:0.00650668ms
         out_f16x8: [-0.63232422, 1.66601562], time:0.01096487ms
     out_f16x8pack: [-0.63232422, 1.66601562], time:0.00675726ms
        out_f16_th: [-0.63232422, 1.66601562], time:0.00651336ms
-------------------------------------------------------------------------------------
-------------------------------------------------------------------------------------
                                        S=4096, K=2048
           out_f32: [-1.37511587, -2.42859745], time:0.10285735ms
         out_f32x4: [-1.37511587, -2.42859745], time:0.10693073ms
        out_f32_th: [-1.37511587, -2.42859745], time:0.10717392ms
-------------------------------------------------------------------------------------
           out_f16: [-1.375, -2.4296875], time:0.01693606ms
         out_f16x2: [-1.375, -2.4296875], time:0.01319623ms
         out_f16x8: [-1.375, -2.4296875], time:0.01902843ms
     out_f16x8pack: [-1.375, -2.4296875], time:0.01075006ms
        out_f16_th: [-1.375, -2.4296875], time:0.01043296ms
-------------------------------------------------------------------------------------
-------------------------------------------------------------------------------------
                                        S=4096, K=4096
           out_f32: [-1.09208298, 1.06527376], time:0.21656728ms
         out_f32x4: [-1.09208298, 1.06527376], time:0.21662688ms
        out_f32_th: [-1.09208298, 1.06527376], time:0.21643996ms
-------------------------------------------------------------------------------------
           out_f16: [-1.09179688, 1.06542969], time:0.10732126ms
         out_f16x2: [-1.09179688, 1.06542969], time:0.10696673ms
         out_f16x8: [-1.09179688, 1.06542969], time:0.10651016ms
     out_f16x8pack: [-1.09179688, 1.06542969], time:0.10689044ms
        out_f16_th: [-1.09179688, 1.06542969], time:0.10731459ms
-------------------------------------------------------------------------------------
